2025-07-25 17:32:14,210 - INFO - Starting training: MeshODENet_nl1_bs1_hd128_ep600_wd0.0005_lr0.0001_seg1_vv1
2025-07-25 17:32:14,210 - INFO - Device: cuda
2025-07-25 17:32:14,210 - INFO - Arguments: {'num_layers': 1, 'hidden_dim': 128, 'batch_size': 1, 'epochs': 600, 'opt': 'adam', 'lr': 0.0001, 'weight_decay': 0.0005, 'num_segments': 1, 'min_length': 0, 'time_step': 0.1, 'train_size': 30, 'test_size': 6, 'checkpoint_dir': './checkpoints/', 'log_dir': './logs/', 'data_dir': './', 'version': 'v1', 'device': 'auto', 'resume': False, 'log_interval': 10, 'lr_stages': [{'epochs': 200, 'lr': 0.0001, 'weight_decay': 0.0005}, {'epochs': 200, 'lr': 1e-05, 'weight_decay': 0.0005}, {'epochs': 200, 'lr': 1e-06, 'weight_decay': 0.0005}]}
2025-07-25 17:32:14,308 - INFO - No checkpoint found, starting from scratch
2025-07-25 17:33:18,077 - INFO - Epoch 0: Train Loss: 0.447142, Test Loss: 0.384034, LR: 1.00e-04, Stage: 1/3, Time: 63.77s
2025-07-25 17:33:18,077 - INFO - Checkpoint saved to ./checkpoints/MeshODENet_nl1_bs1_hd128_ep600_wd0.0005_lr0.0001_seg1_vv1_checkpoint.pt
2025-07-25 17:33:18,077 - INFO - Best model updated at epoch 0: test loss 0.384034
2025-07-25 17:43:39,267 - INFO - Epoch 10: Train Loss: 0.206887, Test Loss: 0.193808, LR: 1.00e-04, Stage: 1/3, Time: 61.95s
2025-07-25 17:43:39,267 - INFO - Checkpoint saved to ./checkpoints/MeshODENet_nl1_bs1_hd128_ep600_wd0.0005_lr0.0001_seg1_vv1_checkpoint.pt
2025-07-25 17:43:39,267 - INFO - Best model updated at epoch 10: test loss 0.193808
2025-07-25 17:53:58,235 - INFO - Epoch 20: Train Loss: 0.163331, Test Loss: 0.173589, LR: 1.00e-04, Stage: 1/3, Time: 61.55s
2025-07-25 17:53:58,236 - INFO - Checkpoint saved to ./checkpoints/MeshODENet_nl1_bs1_hd128_ep600_wd0.0005_lr0.0001_seg1_vv1_checkpoint.pt
2025-07-25 17:53:58,236 - INFO - Best model updated at epoch 17: test loss 0.163366
2025-07-25 18:04:17,916 - INFO - Epoch 30: Train Loss: 0.123081, Test Loss: 0.125798, LR: 1.00e-04, Stage: 1/3, Time: 61.96s
2025-07-25 18:04:17,916 - INFO - Checkpoint saved to ./checkpoints/MeshODENet_nl1_bs1_hd128_ep600_wd0.0005_lr0.0001_seg1_vv1_checkpoint.pt
2025-07-25 18:04:17,916 - INFO - Best model updated at epoch 29: test loss 0.122734
2025-07-25 18:14:38,159 - INFO - Epoch 40: Train Loss: 0.089328, Test Loss: 0.092911, LR: 1.00e-04, Stage: 1/3, Time: 61.55s
2025-07-25 18:14:38,159 - INFO - Checkpoint saved to ./checkpoints/MeshODENet_nl1_bs1_hd128_ep600_wd0.0005_lr0.0001_seg1_vv1_checkpoint.pt
2025-07-25 18:14:38,159 - INFO - Best model updated at epoch 40: test loss 0.092911
2025-07-25 18:24:58,218 - INFO - Epoch 50: Train Loss: 0.058459, Test Loss: 0.061789, LR: 1.00e-04, Stage: 1/3, Time: 61.89s
2025-07-25 18:24:58,219 - INFO - Checkpoint saved to ./checkpoints/MeshODENet_nl1_bs1_hd128_ep600_wd0.0005_lr0.0001_seg1_vv1_checkpoint.pt
2025-07-25 18:24:58,219 - INFO - Best model updated at epoch 49: test loss 0.061005
2025-07-25 18:35:16,100 - INFO - Epoch 60: Train Loss: 0.047863, Test Loss: 0.045185, LR: 1.00e-04, Stage: 1/3, Time: 62.03s
2025-07-25 18:35:16,100 - INFO - Checkpoint saved to ./checkpoints/MeshODENet_nl1_bs1_hd128_ep600_wd0.0005_lr0.0001_seg1_vv1_checkpoint.pt
2025-07-25 18:35:16,100 - INFO - Best model updated at epoch 60: test loss 0.045185
2025-07-25 18:45:33,963 - INFO - Epoch 70: Train Loss: 0.041812, Test Loss: 0.043417, LR: 1.00e-04, Stage: 1/3, Time: 61.45s
2025-07-25 18:45:33,964 - INFO - Checkpoint saved to ./checkpoints/MeshODENet_nl1_bs1_hd128_ep600_wd0.0005_lr0.0001_seg1_vv1_checkpoint.pt
2025-07-25 18:45:33,964 - INFO - Best model updated at epoch 63: test loss 0.043400
2025-07-25 18:55:53,221 - INFO - Epoch 80: Train Loss: 0.034719, Test Loss: 0.035825, LR: 1.00e-04, Stage: 1/3, Time: 61.99s
2025-07-25 18:55:53,222 - INFO - Checkpoint saved to ./checkpoints/MeshODENet_nl1_bs1_hd128_ep600_wd0.0005_lr0.0001_seg1_vv1_checkpoint.pt
2025-07-25 18:55:53,222 - INFO - Best model updated at epoch 79: test loss 0.035721
2025-07-25 19:06:13,104 - INFO - Epoch 90: Train Loss: 0.035000, Test Loss: 0.042452, LR: 1.00e-04, Stage: 1/3, Time: 62.10s
2025-07-25 19:06:13,105 - INFO - Checkpoint saved to ./checkpoints/MeshODENet_nl1_bs1_hd128_ep600_wd0.0005_lr0.0001_seg1_vv1_checkpoint.pt
2025-07-25 19:06:13,105 - INFO - Best model updated at epoch 86: test loss 0.031059
2025-07-25 19:16:32,983 - INFO - Epoch 100: Train Loss: 0.030996, Test Loss: 0.030391, LR: 1.00e-04, Stage: 1/3, Time: 62.12s
2025-07-25 19:16:32,984 - INFO - Checkpoint saved to ./checkpoints/MeshODENet_nl1_bs1_hd128_ep600_wd0.0005_lr0.0001_seg1_vv1_checkpoint.pt
2025-07-25 19:16:32,984 - INFO - Best model updated at epoch 98: test loss 0.028581
2025-07-25 19:26:54,311 - INFO - Epoch 110: Train Loss: 0.031230, Test Loss: 0.028014, LR: 1.00e-04, Stage: 1/3, Time: 62.05s
2025-07-25 19:26:54,312 - INFO - Checkpoint saved to ./checkpoints/MeshODENet_nl1_bs1_hd128_ep600_wd0.0005_lr0.0001_seg1_vv1_checkpoint.pt
2025-07-25 19:26:54,312 - INFO - Best model updated at epoch 103: test loss 0.027899
2025-07-25 19:37:14,025 - INFO - Epoch 120: Train Loss: 0.024538, Test Loss: 0.028849, LR: 1.00e-04, Stage: 1/3, Time: 61.70s
2025-07-25 19:37:14,026 - INFO - Checkpoint saved to ./checkpoints/MeshODENet_nl1_bs1_hd128_ep600_wd0.0005_lr0.0001_seg1_vv1_checkpoint.pt
2025-07-25 19:37:14,026 - INFO - Best model updated at epoch 113: test loss 0.025952
2025-07-25 19:47:32,848 - INFO - Epoch 130: Train Loss: 0.022053, Test Loss: 0.022549, LR: 1.00e-04, Stage: 1/3, Time: 61.85s
2025-07-25 19:47:32,848 - INFO - Checkpoint saved to ./checkpoints/MeshODENet_nl1_bs1_hd128_ep600_wd0.0005_lr0.0001_seg1_vv1_checkpoint.pt
2025-07-25 19:47:32,848 - INFO - Best model updated at epoch 130: test loss 0.022549
2025-07-25 19:57:50,394 - INFO - Epoch 140: Train Loss: 0.019367, Test Loss: 0.028059, LR: 1.00e-04, Stage: 1/3, Time: 62.02s
2025-07-25 19:57:50,394 - INFO - Checkpoint saved to ./checkpoints/MeshODENet_nl1_bs1_hd128_ep600_wd0.0005_lr0.0001_seg1_vv1_checkpoint.pt
2025-07-25 20:08:08,646 - INFO - Epoch 150: Train Loss: 0.025756, Test Loss: 0.028599, LR: 1.00e-04, Stage: 1/3, Time: 61.29s
2025-07-25 20:08:08,647 - INFO - Checkpoint saved to ./checkpoints/MeshODENet_nl1_bs1_hd128_ep600_wd0.0005_lr0.0001_seg1_vv1_checkpoint.pt
2025-07-25 20:08:08,647 - INFO - Best model updated at epoch 146: test loss 0.019282
2025-07-25 20:18:25,005 - INFO - Epoch 160: Train Loss: 0.016893, Test Loss: 0.032010, LR: 1.00e-04, Stage: 1/3, Time: 61.84s
2025-07-25 20:18:25,006 - INFO - Checkpoint saved to ./checkpoints/MeshODENet_nl1_bs1_hd128_ep600_wd0.0005_lr0.0001_seg1_vv1_checkpoint.pt
2025-07-25 20:18:25,006 - INFO - Best model updated at epoch 153: test loss 0.018387
2025-07-25 20:28:42,624 - INFO - Epoch 170: Train Loss: 0.016475, Test Loss: 0.021264, LR: 1.00e-04, Stage: 1/3, Time: 62.01s
2025-07-25 20:28:42,625 - INFO - Checkpoint saved to ./checkpoints/MeshODENet_nl1_bs1_hd128_ep600_wd0.0005_lr0.0001_seg1_vv1_checkpoint.pt
2025-07-25 20:39:00,122 - INFO - Epoch 180: Train Loss: 0.028535, Test Loss: 0.019232, LR: 1.00e-04, Stage: 1/3, Time: 61.78s
2025-07-25 20:39:00,123 - INFO - Checkpoint saved to ./checkpoints/MeshODENet_nl1_bs1_hd128_ep600_wd0.0005_lr0.0001_seg1_vv1_checkpoint.pt
2025-07-25 20:39:00,123 - INFO - Best model updated at epoch 173: test loss 0.017981
2025-07-25 20:49:18,609 - INFO - Epoch 190: Train Loss: 0.021120, Test Loss: 0.021666, LR: 1.00e-04, Stage: 1/3, Time: 61.85s
2025-07-25 20:49:18,610 - INFO - Checkpoint saved to ./checkpoints/MeshODENet_nl1_bs1_hd128_ep600_wd0.0005_lr0.0001_seg1_vv1_checkpoint.pt
2025-07-25 20:49:18,610 - INFO - Best model updated at epoch 186: test loss 0.013936
2025-07-25 20:58:35,461 - INFO - Advanced to stage 2, LR: 1e-05, WD: 0.0005
2025-07-25 20:59:37,481 - INFO - Epoch 200: Train Loss: 0.015562, Test Loss: 0.013831, LR: 1.00e-05, Stage: 2/3, Time: 62.01s
2025-07-25 20:59:37,481 - INFO - Checkpoint saved to ./checkpoints/MeshODENet_nl1_bs1_hd128_ep600_wd0.0005_lr0.0001_seg1_vv1_checkpoint.pt
2025-07-25 20:59:37,481 - INFO - Best model updated at epoch 200: test loss 0.013831
2025-07-25 21:09:56,066 - INFO - Epoch 210: Train Loss: 0.014220, Test Loss: 0.012443, LR: 1.00e-05, Stage: 2/3, Time: 61.82s
2025-07-25 21:09:56,067 - INFO - Checkpoint saved to ./checkpoints/MeshODENet_nl1_bs1_hd128_ep600_wd0.0005_lr0.0001_seg1_vv1_checkpoint.pt
2025-07-25 21:09:56,067 - INFO - Best model updated at epoch 209: test loss 0.012431
2025-07-25 21:20:15,294 - INFO - Epoch 220: Train Loss: 0.013257, Test Loss: 0.013502, LR: 1.00e-05, Stage: 2/3, Time: 61.93s
2025-07-25 21:20:15,295 - INFO - Checkpoint saved to ./checkpoints/MeshODENet_nl1_bs1_hd128_ep600_wd0.0005_lr0.0001_seg1_vv1_checkpoint.pt
2025-07-25 21:30:33,112 - INFO - Epoch 230: Train Loss: 0.013105, Test Loss: 0.014607, LR: 1.00e-05, Stage: 2/3, Time: 61.81s
2025-07-25 21:30:33,113 - INFO - Checkpoint saved to ./checkpoints/MeshODENet_nl1_bs1_hd128_ep600_wd0.0005_lr0.0001_seg1_vv1_checkpoint.pt
2025-07-25 21:40:52,655 - INFO - Epoch 240: Train Loss: 0.013845, Test Loss: 0.016799, LR: 1.00e-05, Stage: 2/3, Time: 61.71s
2025-07-25 21:40:52,656 - INFO - Checkpoint saved to ./checkpoints/MeshODENet_nl1_bs1_hd128_ep600_wd0.0005_lr0.0001_seg1_vv1_checkpoint.pt
2025-07-25 21:51:11,268 - INFO - Epoch 250: Train Loss: 0.013363, Test Loss: 0.013567, LR: 1.00e-05, Stage: 2/3, Time: 61.91s
2025-07-25 21:51:11,268 - INFO - Checkpoint saved to ./checkpoints/MeshODENet_nl1_bs1_hd128_ep600_wd0.0005_lr0.0001_seg1_vv1_checkpoint.pt
2025-07-25 22:01:28,984 - INFO - Epoch 260: Train Loss: 0.014125, Test Loss: 0.013990, LR: 1.00e-05, Stage: 2/3, Time: 61.74s
2025-07-25 22:01:28,985 - INFO - Checkpoint saved to ./checkpoints/MeshODENet_nl1_bs1_hd128_ep600_wd0.0005_lr0.0001_seg1_vv1_checkpoint.pt
2025-07-25 22:11:46,900 - INFO - Epoch 270: Train Loss: 0.012932, Test Loss: 0.014988, LR: 1.00e-05, Stage: 2/3, Time: 61.74s
2025-07-25 22:11:46,901 - INFO - Checkpoint saved to ./checkpoints/MeshODENet_nl1_bs1_hd128_ep600_wd0.0005_lr0.0001_seg1_vv1_checkpoint.pt
2025-07-25 22:22:04,016 - INFO - Epoch 280: Train Loss: 0.013318, Test Loss: 0.014429, LR: 1.00e-05, Stage: 2/3, Time: 61.85s
2025-07-25 22:22:04,016 - INFO - Checkpoint saved to ./checkpoints/MeshODENet_nl1_bs1_hd128_ep600_wd0.0005_lr0.0001_seg1_vv1_checkpoint.pt
2025-07-25 22:32:20,639 - INFO - Epoch 290: Train Loss: 0.013491, Test Loss: 0.015893, LR: 1.00e-05, Stage: 2/3, Time: 61.77s
2025-07-25 22:32:20,640 - INFO - Checkpoint saved to ./checkpoints/MeshODENet_nl1_bs1_hd128_ep600_wd0.0005_lr0.0001_seg1_vv1_checkpoint.pt
2025-07-25 22:42:38,341 - INFO - Epoch 300: Train Loss: 0.012397, Test Loss: 0.012883, LR: 1.00e-05, Stage: 2/3, Time: 61.79s
2025-07-25 22:42:38,342 - INFO - Checkpoint saved to ./checkpoints/MeshODENet_nl1_bs1_hd128_ep600_wd0.0005_lr0.0001_seg1_vv1_checkpoint.pt
2025-07-25 22:52:55,609 - INFO - Epoch 310: Train Loss: 0.013880, Test Loss: 0.015529, LR: 1.00e-05, Stage: 2/3, Time: 61.86s
2025-07-25 22:52:55,610 - INFO - Checkpoint saved to ./checkpoints/MeshODENet_nl1_bs1_hd128_ep600_wd0.0005_lr0.0001_seg1_vv1_checkpoint.pt
2025-07-25 22:52:55,610 - INFO - Best model updated at epoch 306: test loss 0.012109
2025-07-25 23:03:13,601 - INFO - Epoch 320: Train Loss: 0.012018, Test Loss: 0.012884, LR: 1.00e-05, Stage: 2/3, Time: 61.65s
2025-07-25 23:03:13,602 - INFO - Checkpoint saved to ./checkpoints/MeshODENet_nl1_bs1_hd128_ep600_wd0.0005_lr0.0001_seg1_vv1_checkpoint.pt
2025-07-25 23:13:31,715 - INFO - Epoch 330: Train Loss: 0.012639, Test Loss: 0.015016, LR: 1.00e-05, Stage: 2/3, Time: 61.98s
2025-07-25 23:13:31,716 - INFO - Checkpoint saved to ./checkpoints/MeshODENet_nl1_bs1_hd128_ep600_wd0.0005_lr0.0001_seg1_vv1_checkpoint.pt
2025-07-25 23:23:48,679 - INFO - Epoch 340: Train Loss: 0.011747, Test Loss: 0.012152, LR: 1.00e-05, Stage: 2/3, Time: 61.65s
2025-07-25 23:23:48,680 - INFO - Checkpoint saved to ./checkpoints/MeshODENet_nl1_bs1_hd128_ep600_wd0.0005_lr0.0001_seg1_vv1_checkpoint.pt
2025-07-25 23:23:48,680 - INFO - Best model updated at epoch 335: test loss 0.011853
2025-07-25 23:34:04,312 - INFO - Epoch 350: Train Loss: 0.012126, Test Loss: 0.012583, LR: 1.00e-05, Stage: 2/3, Time: 61.58s
2025-07-25 23:34:04,313 - INFO - Checkpoint saved to ./checkpoints/MeshODENet_nl1_bs1_hd128_ep600_wd0.0005_lr0.0001_seg1_vv1_checkpoint.pt
2025-07-25 23:44:20,421 - INFO - Epoch 360: Train Loss: 0.014658, Test Loss: 0.017674, LR: 1.00e-05, Stage: 2/3, Time: 61.62s
2025-07-25 23:44:20,422 - INFO - Checkpoint saved to ./checkpoints/MeshODENet_nl1_bs1_hd128_ep600_wd0.0005_lr0.0001_seg1_vv1_checkpoint.pt
2025-07-25 23:54:38,672 - INFO - Epoch 370: Train Loss: 0.018209, Test Loss: 0.013706, LR: 1.00e-05, Stage: 2/3, Time: 61.98s
2025-07-25 23:54:38,673 - INFO - Checkpoint saved to ./checkpoints/MeshODENet_nl1_bs1_hd128_ep600_wd0.0005_lr0.0001_seg1_vv1_checkpoint.pt
2025-07-26 00:04:55,191 - INFO - Epoch 380: Train Loss: 0.012376, Test Loss: 0.017645, LR: 1.00e-05, Stage: 2/3, Time: 61.28s
2025-07-26 00:04:55,192 - INFO - Checkpoint saved to ./checkpoints/MeshODENet_nl1_bs1_hd128_ep600_wd0.0005_lr0.0001_seg1_vv1_checkpoint.pt
2025-07-26 00:15:10,634 - INFO - Epoch 390: Train Loss: 0.011504, Test Loss: 0.011832, LR: 1.00e-05, Stage: 2/3, Time: 61.72s
2025-07-26 00:15:10,635 - INFO - Checkpoint saved to ./checkpoints/MeshODENet_nl1_bs1_hd128_ep600_wd0.0005_lr0.0001_seg1_vv1_checkpoint.pt
2025-07-26 00:15:10,635 - INFO - Best model updated at epoch 388: test loss 0.011171
2025-07-26 00:24:27,908 - INFO - Advanced to stage 3, LR: 1e-06, WD: 0.0005
2025-07-26 00:25:29,996 - INFO - Epoch 400: Train Loss: 0.014023, Test Loss: 0.010975, LR: 1.00e-06, Stage: 3/3, Time: 62.08s
2025-07-26 00:25:29,996 - INFO - Checkpoint saved to ./checkpoints/MeshODENet_nl1_bs1_hd128_ep600_wd0.0005_lr0.0001_seg1_vv1_checkpoint.pt
2025-07-26 00:25:29,996 - INFO - Best model updated at epoch 400: test loss 0.010975
2025-07-26 00:35:47,527 - INFO - Epoch 410: Train Loss: 0.011383, Test Loss: 0.010578, LR: 1.00e-06, Stage: 3/3, Time: 61.62s
2025-07-26 00:35:47,528 - INFO - Checkpoint saved to ./checkpoints/MeshODENet_nl1_bs1_hd128_ep600_wd0.0005_lr0.0001_seg1_vv1_checkpoint.pt
2025-07-26 00:35:47,528 - INFO - Best model updated at epoch 401: test loss 0.010508
2025-07-26 00:46:05,121 - INFO - Epoch 420: Train Loss: 0.011139, Test Loss: 0.010440, LR: 1.00e-06, Stage: 3/3, Time: 61.90s
2025-07-26 00:46:05,121 - INFO - Checkpoint saved to ./checkpoints/MeshODENet_nl1_bs1_hd128_ep600_wd0.0005_lr0.0001_seg1_vv1_checkpoint.pt
2025-07-26 00:46:05,121 - INFO - Best model updated at epoch 420: test loss 0.010440
2025-07-26 00:56:23,454 - INFO - Epoch 430: Train Loss: 0.010979, Test Loss: 0.010336, LR: 1.00e-06, Stage: 3/3, Time: 62.29s
2025-07-26 00:56:23,454 - INFO - Checkpoint saved to ./checkpoints/MeshODENet_nl1_bs1_hd128_ep600_wd0.0005_lr0.0001_seg1_vv1_checkpoint.pt
2025-07-26 00:56:23,454 - INFO - Best model updated at epoch 430: test loss 0.010336
2025-07-26 01:06:41,873 - INFO - Epoch 440: Train Loss: 0.010863, Test Loss: 0.010263, LR: 1.00e-06, Stage: 3/3, Time: 61.85s
2025-07-26 01:06:41,873 - INFO - Checkpoint saved to ./checkpoints/MeshODENet_nl1_bs1_hd128_ep600_wd0.0005_lr0.0001_seg1_vv1_checkpoint.pt
2025-07-26 01:06:41,873 - INFO - Best model updated at epoch 440: test loss 0.010263
2025-07-26 01:17:00,649 - INFO - Epoch 450: Train Loss: 0.010774, Test Loss: 0.010194, LR: 1.00e-06, Stage: 3/3, Time: 61.95s
2025-07-26 01:17:00,649 - INFO - Checkpoint saved to ./checkpoints/MeshODENet_nl1_bs1_hd128_ep600_wd0.0005_lr0.0001_seg1_vv1_checkpoint.pt
2025-07-26 01:17:00,649 - INFO - Best model updated at epoch 450: test loss 0.010194
2025-07-26 01:27:19,716 - INFO - Epoch 460: Train Loss: 0.010698, Test Loss: 0.010127, LR: 1.00e-06, Stage: 3/3, Time: 61.84s
2025-07-26 01:27:19,716 - INFO - Checkpoint saved to ./checkpoints/MeshODENet_nl1_bs1_hd128_ep600_wd0.0005_lr0.0001_seg1_vv1_checkpoint.pt
2025-07-26 01:27:19,716 - INFO - Best model updated at epoch 460: test loss 0.010127
2025-07-26 01:37:38,310 - INFO - Epoch 470: Train Loss: 0.010639, Test Loss: 0.010071, LR: 1.00e-06, Stage: 3/3, Time: 61.82s
2025-07-26 01:37:38,310 - INFO - Checkpoint saved to ./checkpoints/MeshODENet_nl1_bs1_hd128_ep600_wd0.0005_lr0.0001_seg1_vv1_checkpoint.pt
2025-07-26 01:37:38,310 - INFO - Best model updated at epoch 470: test loss 0.010071
2025-07-26 01:47:55,169 - INFO - Epoch 480: Train Loss: 0.010593, Test Loss: 0.010029, LR: 1.00e-06, Stage: 3/3, Time: 61.52s
2025-07-26 01:47:55,169 - INFO - Checkpoint saved to ./checkpoints/MeshODENet_nl1_bs1_hd128_ep600_wd0.0005_lr0.0001_seg1_vv1_checkpoint.pt
2025-07-26 01:47:55,169 - INFO - Best model updated at epoch 480: test loss 0.010029
2025-07-26 01:58:12,257 - INFO - Epoch 490: Train Loss: 0.010546, Test Loss: 0.009992, LR: 1.00e-06, Stage: 3/3, Time: 61.61s
2025-07-26 01:58:12,257 - INFO - Checkpoint saved to ./checkpoints/MeshODENet_nl1_bs1_hd128_ep600_wd0.0005_lr0.0001_seg1_vv1_checkpoint.pt
2025-07-26 01:58:12,257 - INFO - Best model updated at epoch 490: test loss 0.009992
2025-07-26 02:08:29,876 - INFO - Epoch 500: Train Loss: 0.010509, Test Loss: 0.009985, LR: 1.00e-06, Stage: 3/3, Time: 61.84s
2025-07-26 02:08:29,877 - INFO - Checkpoint saved to ./checkpoints/MeshODENet_nl1_bs1_hd128_ep600_wd0.0005_lr0.0001_seg1_vv1_checkpoint.pt
2025-07-26 02:08:29,877 - INFO - Best model updated at epoch 497: test loss 0.009981
2025-07-26 02:18:47,034 - INFO - Epoch 510: Train Loss: 0.010470, Test Loss: 0.009978, LR: 1.00e-06, Stage: 3/3, Time: 61.88s
2025-07-26 02:18:47,035 - INFO - Checkpoint saved to ./checkpoints/MeshODENet_nl1_bs1_hd128_ep600_wd0.0005_lr0.0001_seg1_vv1_checkpoint.pt
2025-07-26 02:18:47,035 - INFO - Best model updated at epoch 509: test loss 0.009971
2025-07-26 02:29:03,275 - INFO - Epoch 520: Train Loss: 0.010442, Test Loss: 0.009995, LR: 1.00e-06, Stage: 3/3, Time: 61.72s
2025-07-26 02:29:03,276 - INFO - Checkpoint saved to ./checkpoints/MeshODENet_nl1_bs1_hd128_ep600_wd0.0005_lr0.0001_seg1_vv1_checkpoint.pt
2025-07-26 02:39:21,674 - INFO - Epoch 530: Train Loss: 0.010408, Test Loss: 0.010012, LR: 1.00e-06, Stage: 3/3, Time: 61.64s
2025-07-26 02:39:21,675 - INFO - Checkpoint saved to ./checkpoints/MeshODENet_nl1_bs1_hd128_ep600_wd0.0005_lr0.0001_seg1_vv1_checkpoint.pt
2025-07-26 02:49:39,064 - INFO - Epoch 540: Train Loss: 0.010379, Test Loss: 0.010036, LR: 1.00e-06, Stage: 3/3, Time: 61.81s
2025-07-26 02:49:39,065 - INFO - Checkpoint saved to ./checkpoints/MeshODENet_nl1_bs1_hd128_ep600_wd0.0005_lr0.0001_seg1_vv1_checkpoint.pt
2025-07-26 02:59:57,541 - INFO - Epoch 550: Train Loss: 0.010358, Test Loss: 0.010061, LR: 1.00e-06, Stage: 3/3, Time: 61.99s
2025-07-26 02:59:57,542 - INFO - Checkpoint saved to ./checkpoints/MeshODENet_nl1_bs1_hd128_ep600_wd0.0005_lr0.0001_seg1_vv1_checkpoint.pt
2025-07-26 03:10:16,549 - INFO - Epoch 560: Train Loss: 0.010327, Test Loss: 0.010104, LR: 1.00e-06, Stage: 3/3, Time: 61.93s
2025-07-26 03:10:16,550 - INFO - Checkpoint saved to ./checkpoints/MeshODENet_nl1_bs1_hd128_ep600_wd0.0005_lr0.0001_seg1_vv1_checkpoint.pt
2025-07-26 03:20:33,001 - INFO - Epoch 570: Train Loss: 0.010319, Test Loss: 0.010089, LR: 1.00e-06, Stage: 3/3, Time: 61.60s
2025-07-26 03:20:33,002 - INFO - Checkpoint saved to ./checkpoints/MeshODENet_nl1_bs1_hd128_ep600_wd0.0005_lr0.0001_seg1_vv1_checkpoint.pt
2025-07-26 03:30:51,531 - INFO - Epoch 580: Train Loss: 0.010304, Test Loss: 0.010204, LR: 1.00e-06, Stage: 3/3, Time: 61.65s
2025-07-26 03:30:51,532 - INFO - Checkpoint saved to ./checkpoints/MeshODENet_nl1_bs1_hd128_ep600_wd0.0005_lr0.0001_seg1_vv1_checkpoint.pt
2025-07-26 03:41:08,102 - INFO - Epoch 590: Train Loss: 0.010317, Test Loss: 0.010364, LR: 1.00e-06, Stage: 3/3, Time: 61.57s
2025-07-26 03:41:08,103 - INFO - Checkpoint saved to ./checkpoints/MeshODENet_nl1_bs1_hd128_ep600_wd0.0005_lr0.0001_seg1_vv1_checkpoint.pt
2025-07-26 03:50:24,089 - INFO - Training history saved to ./logs/MeshODENet_nl1_bs1_hd128_ep600_wd0.0005_lr0.0001_seg1_vv1_history.csv
2025-07-26 03:50:24,090 - INFO - Training summary saved to ./logs/MeshODENet_nl1_bs1_hd128_ep600_wd0.0005_lr0.0001_seg1_vv1_summary.json
2025-07-26 03:50:24,090 - INFO - Training completed in 37089.77 seconds
2025-07-26 03:50:24,090 - INFO - Best test loss: 0.009971
